<?xml version="1.0" encoding="UTF-8"?>
<!-- Generated by org.testng.reporters.JUnitReportReporter -->
<testsuite hostname="LAPTOP-OQ0RAIMR" name="runner.Testrunner" tests="1" failures="0" timestamp="9 Dec 2020 06:28:57 GMT" time="48.716" errors="0">
  <testcase name="runScenario" time="48.716" classname="runner.Testrunner"/>
</testsuite> <!-- runner.Testrunner -->
